  Beziercurveevaluator.cpp
Beziercurveevaluator.cpp(66): warning C4244: 'argument': conversion from 'double' to 'const float', possible loss of data
Beziercurveevaluator.cpp(114): warning C4244: 'argument': conversion from 'double' to 'const float', possible loss of data
Beziercurveevaluator.cpp(123): warning C4244: 'argument': conversion from 'double' to 'const float', possible loss of data
  Bsplinecurveevaluator.cpp
Bsplinecurveevaluator.cpp(53): warning C4018: '<': signed/unsigned mismatch
Bsplinecurveevaluator.cpp(69): warning C4244: 'argument': conversion from 'double' to 'const float', possible loss of data
  C2InterpolatingCurveEvaluator.cpp
C2InterpolatingCurveEvaluator.cpp(58): warning C4244: 'initializing': conversion from 'double' to 'float', possible loss of data
C2InterpolatingCurveEvaluator.cpp(62): warning C4244: 'initializing': conversion from 'double' to 'float', possible loss of data
C2InterpolatingCurveEvaluator.cpp(79): warning C4244: '=': conversion from 'double' to 'float', possible loss of data
C2InterpolatingCurveEvaluator.cpp(81): warning C4244: '=': conversion from 'double' to 'float', possible loss of data
  CatmullRomcurveevaluator.cpp
CatmullRomcurveevaluator.cpp(50): warning C4018: '<': signed/unsigned mismatch
CatmullRomcurveevaluator.cpp(66): warning C4244: 'argument': conversion from 'double' to 'const float', possible loss of data
  curve.cpp
curve.cpp(63): warning C4018: '<': signed/unsigned mismatch
curve.cpp(215): warning C4018: '<': signed/unsigned mismatch
curve.cpp(224): warning C4018: '<': signed/unsigned mismatch
curve.cpp(237): warning C4018: '<': signed/unsigned mismatch
curve.cpp(334): warning C4018: '<': signed/unsigned mismatch
curve.cpp(366): warning C4018: '<': signed/unsigned mismatch
curve.cpp(410): warning C4244: 'argument': conversion from 'double' to 'GLfloat', possible loss of data
curve.cpp(430): warning C4244: 'argument': conversion from 'double' to 'GLfloat', possible loss of data
  curveevaluator.cpp
  Force.cpp
  linearcurveevaluator.cpp
  camera.cpp
  modelerapp.cpp
e:\comp4411-animator-master (1)\comp4411-animator-master\modelerdraw.h(15): warning C4067: unexpected tokens following preprocessor directive - expected a newline
modelerapp.cpp(41): warning C4996: 'strncpy': This function or variable may be unsafe. Consider using strncpy_s instead. To disable deprecation, use _CRT_SECURE_NO_WARNINGS. See online help for details.
  C:\Program Files (x86)\Windows Kits\10\Include\10.0.10240.0\ucrt\string.h(346): note: see declaration of 'strncpy'
modelerapp.cpp(132): warning C4244: 'argument': conversion from 'double' to 'float', possible loss of data
  modelerdraw.cpp
e:\comp4411-animator-master (1)\comp4411-animator-master\modelerdraw.h(15): warning C4067: unexpected tokens following preprocessor directive - expected a newline
modelerdraw.cpp(152): warning C4996: 'fopen': This function or variable may be unsafe. Consider using fopen_s instead. To disable deprecation, use _CRT_SECURE_NO_WARNINGS. See online help for details.
  C:\Program Files (x86)\Windows Kits\10\Include\10.0.10240.0\ucrt\stdio.h(205): note: see declaration of 'fopen'
  modelerui.cpp
e:\comp4411-animator-master (1)\comp4411-animator-master\modelerdraw.h(15): warning C4067: unexpected tokens following preprocessor directive - expected a newline
modelerui.cpp(57): warning C4996: '_splitpath': This function or variable may be unsafe. Consider using _splitpath_s instead. To disable deprecation, use _CRT_SECURE_NO_WARNINGS. See online help for details.
  C:\Program Files (x86)\Windows Kits\10\Include\10.0.10240.0\ucrt\stdlib.h(1096): note: see declaration of '_splitpath'
modelerui.cpp(86): warning C4996: '_splitpath': This function or variable may be unsafe. Consider using _splitpath_s instead. To disable deprecation, use _CRT_SECURE_NO_WARNINGS. See online help for details.
  C:\Program Files (x86)\Windows Kits\10\Include\10.0.10240.0\ucrt\stdlib.h(1096): note: see declaration of '_splitpath'
modelerui.cpp(109): warning C4996: '_splitpath': This function or variable may be unsafe. Consider using _splitpath_s instead. To disable deprecation, use _CRT_SECURE_NO_WARNINGS. See online help for details.
  C:\Program Files (x86)\Windows Kits\10\Include\10.0.10240.0\ucrt\stdlib.h(1096): note: see declaration of '_splitpath'
modelerui.cpp(246): warning C4244: 'argument': conversion from 'double' to 'int', possible loss of data
modelerui.cpp(439): warning C4244: 'initializing': conversion from 'double' to 'float', possible loss of data
modelerui.cpp(440): warning C4244: 'initializing': conversion from 'double' to 'float', possible loss of data
modelerui.cpp(466): warning C4244: 'initializing': conversion from 'double' to 'float', possible loss of data
modelerui.cpp(478): warning C4244: 'initializing': conversion from 'double' to 'float', possible loss of data
modelerui.cpp(491): warning C4244: 'argument': conversion from 'double' to 'float', possible loss of data
modelerui.cpp(501): warning C4244: 'argument': conversion from 'double' to 'float', possible loss of data
modelerui.cpp(511): warning C4244: 'argument': conversion from 'double' to 'float', possible loss of data
modelerui.cpp(602): warning C4244: 'initializing': conversion from 'double' to 'float', possible loss of data
modelerui.cpp(692): warning C4996: '_snprintf': This function or variable may be unsafe. Consider using _snprintf_s instead. To disable deprecation, use _CRT_SECURE_NO_WARNINGS. See online help for details.
  C:\Program Files (x86)\Windows Kits\10\Include\10.0.10240.0\ucrt\stdio.h(1952): note: see declaration of '_snprintf'
modelerui.cpp(770): warning C4996: '_snprintf': This function or variable may be unsafe. Consider using _snprintf_s instead. To disable deprecation, use _CRT_SECURE_NO_WARNINGS. See online help for details.
  C:\Program Files (x86)\Windows Kits\10\Include\10.0.10240.0\ucrt\stdio.h(1952): note: see declaration of '_snprintf'
modelerui.cpp(795): warning C4996: '_snprintf': This function or variable may be unsafe. Consider using _snprintf_s instead. To disable deprecation, use _CRT_SECURE_NO_WARNINGS. See online help for details.
  C:\Program Files (x86)\Windows Kits\10\Include\10.0.10240.0\ucrt\stdio.h(1952): note: see declaration of '_snprintf'
modelerui.cpp(814): warning C4244: 'return': conversion from 'double' to 'float', possible loss of data
modelerui.cpp(857): warning C4996: '_snprintf': This function or variable may be unsafe. Consider using _snprintf_s instead. To disable deprecation, use _CRT_SECURE_NO_WARNINGS. See online help for details.
  C:\Program Files (x86)\Windows Kits\10\Include\10.0.10240.0\ucrt\stdio.h(1952): note: see declaration of '_snprintf'
  modeleruiwindows.cxx
  modelerview.cpp
  bitmap.cpp
bitmap.cpp(57): warning C4996: 'fopen': This function or variable may be unsafe. Consider using fopen_s instead. To disable deprecation, use _CRT_SECURE_NO_WARNINGS. See online help for details.
  C:\Program Files (x86)\Windows Kits\10\Include\10.0.10240.0\ucrt\stdio.h(205): note: see declaration of 'fopen'
bitmap.cpp(157): warning C4996: 'fopen': This function or variable may be unsafe. Consider using fopen_s instead. To disable deprecation, use _CRT_SECURE_NO_WARNINGS. See online help for details.
  C:\Program Files (x86)\Windows Kits\10\Include\10.0.10240.0\ucrt\stdio.h(205): note: see declaration of 'fopen'
  particle.cpp
e:\comp4411-animator-master (1)\comp4411-animator-master\modelerdraw.h(15): warning C4067: unexpected tokens following preprocessor directive - expected a newline
particle.cpp(33): warning C4244: 'argument': conversion from 'double' to 'GLfloat', possible loss of data
  particleSystem.cpp
e:\comp4411-animator-master (1)\comp4411-animator-master\modelerdraw.h(15): warning C4067: unexpected tokens following preprocessor directive - expected a newline
particleSystem.cpp(22): warning C4244: 'argument': conversion from 'time_t' to 'unsigned int', possible loss of data
  point.cpp
  pointObj.cpp
  graphwidget.cpp
graphwidget.cpp(132): warning C4018: '<': signed/unsigned mismatch
graphwidget.cpp(157): warning C4018: '<': signed/unsigned mismatch
graphwidget.cpp(509): warning C4018: '<': signed/unsigned mismatch
graphwidget.cpp(518): warning C4018: '<': signed/unsigned mismatch
graphwidget.cpp(526): warning C4244: 'argument': conversion from 'const int' to 'const float', possible loss of data
graphwidget.cpp(528): warning C4018: '<': signed/unsigned mismatch
graphwidget.cpp(547): warning C4244: 'argument': conversion from 'const int' to 'const float', possible loss of data
graphwidget.cpp(577): warning C4018: '<': signed/unsigned mismatch
graphwidget.cpp(609): warning C4244: 'argument': conversion from 'const int' to 'const float', possible loss of data
graphwidget.cpp(628): warning C4244: 'argument': conversion from 'const int' to 'const float', possible loss of data
graphwidget.cpp(633): warning C4018: '<': signed/unsigned mismatch
graphwidget.cpp(652): warning C4018: '<': signed/unsigned mismatch
graphwidget.cpp(658): warning C4244: 'argument': conversion from 'const int' to 'const float', possible loss of data
graphwidget.cpp(659): warning C4244: 'argument': conversion from 'const int' to 'const float', possible loss of data
graphwidget.cpp(664): warning C4244: 'argument': conversion from 'const int' to 'const float', possible loss of data
graphwidget.cpp(669): warning C4244: 'argument': conversion from 'const int' to 'const float', possible loss of data
graphwidget.cpp(761): warning C4018: '<': signed/unsigned mismatch
graphwidget.cpp(805): warning C4018: '<': signed/unsigned mismatch
graphwidget.cpp(904): warning C4018: '<': signed/unsigned mismatch
graphwidget.cpp(948): warning C4018: '<': signed/unsigned mismatch
graphwidget.cpp(1078): warning C4018: '<': signed/unsigned mismatch
graphwidget.cpp(1143): warning C4244: '=': conversion from 'double' to 'int', possible loss of data
graphwidget.cpp(1150): warning C4244: '=': conversion from 'double' to 'int', possible loss of data
graphwidget.cpp(1154): warning C4244: '=': conversion from 'int' to 'float', possible loss of data
graphwidget.cpp(1155): warning C4244: '=': conversion from 'int' to 'float', possible loss of data
graphwidget.cpp(1181): warning C4244: '=': conversion from 'int' to 'float', possible loss of data
graphwidget.cpp(1182): warning C4244: '=': conversion from 'int' to 'float', possible loss of data
  Generating Code...
  Compiling...
  indicatorwindow.cpp
indicatorwindow.cpp(40): warning C4018: '<': signed/unsigned mismatch
indicatorwindow.cpp(126): warning C4018: '<': signed/unsigned mismatch
indicatorwindow.cpp(148): warning C4018: '<': signed/unsigned mismatch
  rect.cpp
  robot.cpp
e:\comp4411-animator-master (1)\comp4411-animator-master\modelerdraw.h(15): warning C4067: unexpected tokens following preprocessor directive - expected a newline
robot.cpp(13): warning C4067: unexpected tokens following preprocessor directive - expected a newline
robot.cpp(72): warning C4244: '=': conversion from 'double' to 'int', possible loss of data
robot.cpp(74): warning C4244: '=': conversion from 'double' to 'int', possible loss of data
robot.cpp(175): warning C4838: conversion from 'double' to 'GLfloat' requires a narrowing conversion
robot.cpp(175): warning C4244: 'initializing': conversion from 'double' to 'GLfloat', possible loss of data
robot.cpp(176): warning C4838: conversion from 'double' to 'GLfloat' requires a narrowing conversion
robot.cpp(176): warning C4244: 'initializing': conversion from 'double' to 'GLfloat', possible loss of data
robot.cpp(177): warning C4838: conversion from 'double' to 'GLfloat' requires a narrowing conversion
robot.cpp(177): warning C4244: 'initializing': conversion from 'double' to 'GLfloat', possible loss of data
robot.cpp(178): warning C4838: conversion from 'double' to 'GLfloat' requires a narrowing conversion
robot.cpp(178): warning C4244: 'initializing': conversion from 'double' to 'GLfloat', possible loss of data
robot.cpp(190): warning C4244: 'argument': conversion from 'double' to 'int', possible loss of data
robot.cpp(301): warning C4244: 'argument': conversion from 'double' to 'int', possible loss of data
robot.cpp(303): warning C4244: 'argument': conversion from 'double' to 'int', possible loss of data
robot.cpp(348): warning C4244: 'argument': conversion from 'double' to 'int', possible loss of data
robot.cpp(400): warning C4244: 'argument': conversion from 'double' to 'int', possible loss of data
robot.cpp(608): warning C4244: 'argument': conversion from 'double' to 'int', possible loss of data
robot.cpp(610): warning C4244: 'argument': conversion from 'double' to 'int', possible loss of data
robot.cpp(655): warning C4244: 'argument': conversion from 'double' to 'int', possible loss of data
robot.cpp(707): warning C4244: 'argument': conversion from 'double' to 'int', possible loss of data
robot.cpp(896): warning C4244: 'argument': conversion from 'double' to 'GLfloat', possible loss of data
robot.cpp(897): warning C4244: 'argument': conversion from 'double' to 'GLfloat', possible loss of data
robot.cpp(911): warning C4244: 'argument': conversion from 'double' to 'GLfloat', possible loss of data
robot.cpp(912): warning C4244: 'argument': conversion from 'double' to 'GLfloat', possible loss of data
robot.cpp(958): warning C4305: 'argument': truncation from 'double' to 'float'
robot.cpp(962): warning C4305: 'argument': truncation from 'double' to 'float'
e:\comp4411-animator-master (1)\comp4411-animator-master\mat.h(199): warning C4244: 'initializing': conversion from 'double' to 'float', possible loss of data
  e:\comp4411-animator-master (1)\comp4411-animator-master\mat.h(180): note: while compiling class template member function 'Mat4<double> Mat4<double>::inverse(void) const'
  robot.cpp(119): note: see reference to function template instantiation 'Mat4<double> Mat4<double>::inverse(void) const' being compiled
  robot.cpp(92): note: see reference to class template instantiation 'Mat4<double>' being compiled
e:\comp4411-animator-master (1)\comp4411-animator-master\mat.h(207): warning C4244: 'initializing': conversion from 'double' to 'float', possible loss of data
  rulerwindow.cpp
rulerwindow.cpp(59): warning C4018: '>=': signed/unsigned mismatch
rulerwindow.cpp(61): warning C4018: '<': signed/unsigned mismatch
rulerwindow.cpp(48): warning C4996: '_snprintf': This function or variable may be unsafe. Consider using _snprintf_s instead. To disable deprecation, use _CRT_SECURE_NO_WARNINGS. See online help for details.
  C:\Program Files (x86)\Windows Kits\10\Include\10.0.10240.0\ucrt\stdio.h(1952): note: see declaration of '_snprintf'
rulerwindow.cpp(74): warning C4996: 'strncpy': This function or variable may be unsafe. Consider using strncpy_s instead. To disable deprecation, use _CRT_SECURE_NO_WARNINGS. See online help for details.
  C:\Program Files (x86)\Windows Kits\10\Include\10.0.10240.0\ucrt\string.h(346): note: see declaration of 'strncpy'
  tex.cpp
tex.cpp(18): warning C4996: 'fopen': This function or variable may be unsafe. Consider using fopen_s instead. To disable deprecation, use _CRT_SECURE_NO_WARNINGS. See online help for details.
  C:\Program Files (x86)\Windows Kits\10\Include\10.0.10240.0\ucrt\stdio.h(205): note: see declaration of 'fopen'
  Generating Code...
  LINK : .\Release\modeler.exe not found or not built by the last incremental link; performing full link
fltk.lib(case.obj) : warning LNK4204: 'E:\comp4411-Animator-master (1)\comp4411-Animator-master\Release\vc140.pdb' is missing debugging information for referencing module; linking object as if no debug info
fltk.lib(filename_absolute.obj) : warning LNK4204: 'E:\comp4411-Animator-master (1)\comp4411-Animator-master\Release\vc140.pdb' is missing debugging information for referencing module; linking object as if no debug info
fltk.lib(filename_expand.obj) : warning LNK4204: 'E:\comp4411-Animator-master (1)\comp4411-Animator-master\Release\vc140.pdb' is missing debugging information for referencing module; linking object as if no debug info
fltk.lib(filename_isdir.obj) : warning LNK4204: 'E:\comp4411-Animator-master (1)\comp4411-Animator-master\Release\vc140.pdb' is missing debugging information for referencing module; linking object as if no debug info
fltk.lib(filename_list.obj) : warning LNK4204: 'E:\comp4411-Animator-master (1)\comp4411-Animator-master\Release\vc140.pdb' is missing debugging information for referencing module; linking object as if no debug info
fltk.lib(filename_match.obj) : warning LNK4204: 'E:\comp4411-Animator-master (1)\comp4411-Animator-master\Release\vc140.pdb' is missing debugging information for referencing module; linking object as if no debug info
fltk.lib(Fl.obj) : warning LNK4204: 'E:\comp4411-Animator-master (1)\comp4411-Animator-master\Release\vc140.pdb' is missing debugging information for referencing module; linking object as if no debug info
fltk.lib(Fl_abort.obj) : warning LNK4204: 'E:\comp4411-Animator-master (1)\comp4411-Animator-master\Release\vc140.pdb' is missing debugging information for referencing module; linking object as if no debug info
fltk.lib(Fl_add_idle.obj) : warning LNK4204: 'E:\comp4411-Animator-master (1)\comp4411-Animator-master\Release\vc140.pdb' is missing debugging information for referencing module; linking object as if no debug info
fltk.lib(fl_arc.obj) : warning LNK4204: 'E:\comp4411-Animator-master (1)\comp4411-Animator-master\Release\vc140.pdb' is missing debugging information for referencing module; linking object as if no debug info
fltk.lib(fl_arci.obj) : warning LNK4204: 'E:\comp4411-Animator-master (1)\comp4411-Animator-master\Release\vc140.pdb' is missing debugging information for referencing module; linking object as if no debug info
fltk.lib(Fl_arg.obj) : warning LNK4204: 'E:\comp4411-Animator-master (1)\comp4411-Animator-master\Release\vc140.pdb' is missing debugging information for referencing module; linking object as if no debug info
fltk.lib(fl_ask.obj) : warning LNK4204: 'E:\comp4411-Animator-master (1)\comp4411-Animator-master\Release\vc140.pdb' is missing debugging information for referencing module; linking object as if no debug info
fltk.lib(Fl_Bitmap.obj) : warning LNK4204: 'E:\comp4411-Animator-master (1)\comp4411-Animator-master\Release\vc140.pdb' is missing debugging information for referencing module; linking object as if no debug info
fltk.lib(Fl_Box.obj) : warning LNK4204: 'E:\comp4411-Animator-master (1)\comp4411-Animator-master\Release\vc140.pdb' is missing debugging information for referencing module; linking object as if no debug info
fltk.lib(fl_boxtype.obj) : warning LNK4204: 'E:\comp4411-Animator-master (1)\comp4411-Animator-master\Release\vc140.pdb' is missing debugging information for referencing module; linking object as if no debug info
fltk.lib(Fl_Browser.obj) : warning LNK4204: 'E:\comp4411-Animator-master (1)\comp4411-Animator-master\Release\vc140.pdb' is missing debugging information for referencing module; linking object as if no debug info
fltk.lib(Fl_Browser_.obj) : warning LNK4204: 'E:\comp4411-Animator-master (1)\comp4411-Animator-master\Release\vc140.pdb' is missing debugging information for referencing module; linking object as if no debug info
fltk.lib(Fl_Button.obj) : warning LNK4204: 'E:\comp4411-Animator-master (1)\comp4411-Animator-master\Release\vc140.pdb' is missing debugging information for referencing module; linking object as if no debug info
fltk.lib(Fl_Check_Button.obj) : warning LNK4204: 'E:\comp4411-Animator-master (1)\comp4411-Animator-master\Release\vc140.pdb' is missing debugging information for referencing module; linking object as if no debug info
fltk.lib(Fl_Choice.obj) : warning LNK4204: 'E:\comp4411-Animator-master (1)\comp4411-Animator-master\Release\vc140.pdb' is missing debugging information for referencing module; linking object as if no debug info
fltk.lib(fl_color.obj) : warning LNK4204: 'E:\comp4411-Animator-master (1)\comp4411-Animator-master\Release\vc140.pdb' is missing debugging information for referencing module; linking object as if no debug info
fltk.lib(Fl_compose.obj) : warning LNK4204: 'E:\comp4411-Animator-master (1)\comp4411-Animator-master\Release\vc140.pdb' is missing debugging information for referencing module; linking object as if no debug info
fltk.lib(fl_cursor.obj) : warning LNK4204: 'E:\comp4411-Animator-master (1)\comp4411-Animator-master\Release\vc140.pdb' is missing debugging information for referencing module; linking object as if no debug info
fltk.lib(fl_curve.obj) : warning LNK4204: 'E:\comp4411-Animator-master (1)\comp4411-Animator-master\Release\vc140.pdb' is missing debugging information for referencing module; linking object as if no debug info
fltk.lib(Fl_Device.obj) : warning LNK4204: 'E:\comp4411-Animator-master (1)\comp4411-Animator-master\Release\vc140.pdb' is missing debugging information for referencing module; linking object as if no debug info
fltk.lib(fl_dnd.obj) : warning LNK4204: 'E:\comp4411-Animator-master (1)\comp4411-Animator-master\Release\vc140.pdb' is missing debugging information for referencing module; linking object as if no debug info
fltk.lib(Fl_Double_Window.obj) : warning LNK4204: 'E:\comp4411-Animator-master (1)\comp4411-Animator-master\Release\vc140.pdb' is missing debugging information for referencing module; linking object as if no debug info
fltk.lib(fl_draw.obj) : warning LNK4204: 'E:\comp4411-Animator-master (1)\comp4411-Animator-master\Release\vc140.pdb' is missing debugging information for referencing module; linking object as if no debug info
fltk.lib(fl_draw_image.obj) : warning LNK4204: 'E:\comp4411-Animator-master (1)\comp4411-Animator-master\Release\vc140.pdb' is missing debugging information for referencing module; linking object as if no debug info
fltk.lib(fl_draw_pixmap.obj) : warning LNK4204: 'E:\comp4411-Animator-master (1)\comp4411-Animator-master\Release\vc140.pdb' is missing debugging information for referencing module; linking object as if no debug info
fltk.lib(Fl_File_Browser.obj) : warning LNK4204: 'E:\comp4411-Animator-master (1)\comp4411-Animator-master\Release\vc140.pdb' is missing debugging information for referencing module; linking object as if no debug info
fltk.lib(Fl_File_Chooser.obj) : warning LNK4204: 'E:\comp4411-Animator-master (1)\comp4411-Animator-master\Release\vc140.pdb' is missing debugging information for referencing module; linking object as if no debug info
fltk.lib(Fl_File_Chooser2.obj) : warning LNK4204: 'E:\comp4411-Animator-master (1)\comp4411-Animator-master\Release\vc140.pdb' is missing debugging information for referencing module; linking object as if no debug info
fltk.lib(fl_file_dir.obj) : warning LNK4204: 'E:\comp4411-Animator-master (1)\comp4411-Animator-master\Release\vc140.pdb' is missing debugging information for referencing module; linking object as if no debug info
fltk.lib(Fl_File_Icon.obj) : warning LNK4204: 'E:\comp4411-Animator-master (1)\comp4411-Animator-master\Release\vc140.pdb' is missing debugging information for referencing module; linking object as if no debug info
fltk.lib(Fl_File_Input.obj) : warning LNK4204: 'E:\comp4411-Animator-master (1)\comp4411-Animator-master\Release\vc140.pdb' is missing debugging information for referencing module; linking object as if no debug info
fltk.lib(fl_font.obj) : warning LNK4204: 'E:\comp4411-Animator-master (1)\comp4411-Animator-master\Release\vc140.pdb' is missing debugging information for referencing module; linking object as if no debug info
fltk.lib(Fl_get_system_colors.obj) : warning LNK4204: 'E:\comp4411-Animator-master (1)\comp4411-Animator-master\Release\vc140.pdb' is missing debugging information for referencing module; linking object as if no debug info
fltk.lib(Fl_grab.obj) : warning LNK4204: 'E:\comp4411-Animator-master (1)\comp4411-Animator-master\Release\vc140.pdb' is missing debugging information for referencing module; linking object as if no debug info
fltk.lib(Fl_Group.obj) : warning LNK4204: 'E:\comp4411-Animator-master (1)\comp4411-Animator-master\Release\vc140.pdb' is missing debugging information for referencing module; linking object as if no debug info
fltk.lib(fl_gtk.obj) : warning LNK4204: 'E:\comp4411-Animator-master (1)\comp4411-Animator-master\Release\vc140.pdb' is missing debugging information for referencing module; linking object as if no debug info
fltk.lib(fl_gleam.obj) : warning LNK4204: 'E:\comp4411-Animator-master (1)\comp4411-Animator-master\Release\vc140.pdb' is missing debugging information for referencing module; linking object as if no debug info
fltk.lib(Fl_Image.obj) : warning LNK4204: 'E:\comp4411-Animator-master (1)\comp4411-Animator-master\Release\vc140.pdb' is missing debugging information for referencing module; linking object as if no debug info
fltk.lib(Fl_Input.obj) : warning LNK4204: 'E:\comp4411-Animator-master (1)\comp4411-Animator-master\Release\vc140.pdb' is missing debugging information for referencing module; linking object as if no debug info
fltk.lib(Fl_Input_.obj) : warning LNK4204: 'E:\comp4411-Animator-master (1)\comp4411-Animator-master\Release\vc140.pdb' is missing debugging information for referencing module; linking object as if no debug info
fltk.lib(fl_labeltype.obj) : warning LNK4204: 'E:\comp4411-Animator-master (1)\comp4411-Animator-master\Release\vc140.pdb' is missing debugging information for referencing module; linking object as if no debug info
fltk.lib(Fl_Light_Button.obj) : warning LNK4204: 'E:\comp4411-Animator-master (1)\comp4411-Animator-master\Release\vc140.pdb' is missing debugging information for referencing module; linking object as if no debug info
fltk.lib(fl_line_style.obj) : warning LNK4204: 'E:\comp4411-Animator-master (1)\comp4411-Animator-master\Release\vc140.pdb' is missing debugging information for referencing module; linking object as if no debug info
fltk.lib(Fl_lock.obj) : warning LNK4204: 'E:\comp4411-Animator-master (1)\comp4411-Animator-master\Release\vc140.pdb' is missing debugging information for referencing module; linking object as if no debug info
fltk.lib(Fl_Menu.obj) : warning LNK4204: 'E:\comp4411-Animator-master (1)\comp4411-Animator-master\Release\vc140.pdb' is missing debugging information for referencing module; linking object as if no debug info
fltk.lib(Fl_Menu_.obj) : warning LNK4204: 'E:\comp4411-Animator-master (1)\comp4411-Animator-master\Release\vc140.pdb' is missing debugging information for referencing module; linking object as if no debug info
fltk.lib(Fl_Menu_add.obj) : warning LNK4204: 'E:\comp4411-Animator-master (1)\comp4411-Animator-master\Release\vc140.pdb' is missing debugging information for referencing module; linking object as if no debug info
fltk.lib(Fl_Menu_Bar.obj) : warning LNK4204: 'E:\comp4411-Animator-master (1)\comp4411-Animator-master\Release\vc140.pdb' is missing debugging information for referencing module; linking object as if no debug info
fltk.lib(Fl_Menu_Button.obj) : warning LNK4204: 'E:\comp4411-Animator-master (1)\comp4411-Animator-master\Release\vc140.pdb' is missing debugging information for referencing module; linking object as if no debug info
fltk.lib(Fl_Menu_Window.obj) : warning LNK4204: 'E:\comp4411-Animator-master (1)\comp4411-Animator-master\Release\vc140.pdb' is missing debugging information for referencing module; linking object as if no debug info
fltk.lib(Fl_Overlay_Window.obj) : warning LNK4204: 'E:\comp4411-Animator-master (1)\comp4411-Animator-master\Release\vc140.pdb' is missing debugging information for referencing module; linking object as if no debug info
fltk.lib(Fl_Pack.obj) : warning LNK4204: 'E:\comp4411-Animator-master (1)\comp4411-Animator-master\Release\vc140.pdb' is missing debugging information for referencing module; linking object as if no debug info
fltk.lib(Fl_Pixmap.obj) : warning LNK4204: 'E:\comp4411-Animator-master (1)\comp4411-Animator-master\Release\vc140.pdb' is missing debugging information for referencing module; linking object as if no debug info
fltk.lib(fl_plastic.obj) : warning LNK4204: 'E:\comp4411-Animator-master (1)\comp4411-Animator-master\Release\vc140.pdb' is missing debugging information for referencing module; linking object as if no debug info
fltk.lib(Fl_Preferences.obj) : warning LNK4204: 'E:\comp4411-Animator-master (1)\comp4411-Animator-master\Release\vc140.pdb' is missing debugging information for referencing module; linking object as if no debug info
fltk.lib(fl_read_image.obj) : warning LNK4204: 'E:\comp4411-Animator-master (1)\comp4411-Animator-master\Release\vc140.pdb' is missing debugging information for referencing module; linking object as if no debug info
fltk.lib(fl_rect.obj) : warning LNK4204: 'E:\comp4411-Animator-master (1)\comp4411-Animator-master\Release\vc140.pdb' is missing debugging information for referencing module; linking object as if no debug info
fltk.lib(Fl_Repeat_Button.obj) : warning LNK4204: 'E:\comp4411-Animator-master (1)\comp4411-Animator-master\Release\vc140.pdb' is missing debugging information for referencing module; linking object as if no debug info
fltk.lib(Fl_Return_Button.obj) : warning LNK4204: 'E:\comp4411-Animator-master (1)\comp4411-Animator-master\Release\vc140.pdb' is missing debugging information for referencing module; linking object as if no debug info
fltk.lib(fl_round_box.obj) : warning LNK4204: 'E:\comp4411-Animator-master (1)\comp4411-Animator-master\Release\vc140.pdb' is missing debugging information for referencing module; linking object as if no debug info
fltk.lib(Fl_Scroll.obj) : warning LNK4204: 'E:\comp4411-Animator-master (1)\comp4411-Animator-master\Release\vc140.pdb' is missing debugging information for referencing module; linking object as if no debug info
fltk.lib(fl_scroll_area.obj) : warning LNK4204: 'E:\comp4411-Animator-master (1)\comp4411-Animator-master\Release\vc140.pdb' is missing debugging information for referencing module; linking object as if no debug info
fltk.lib(Fl_Scrollbar.obj) : warning LNK4204: 'E:\comp4411-Animator-master (1)\comp4411-Animator-master\Release\vc140.pdb' is missing debugging information for referencing module; linking object as if no debug info
fltk.lib(Fl_Shared_Image.obj) : warning LNK4204: 'E:\comp4411-Animator-master (1)\comp4411-Animator-master\Release\vc140.pdb' is missing debugging information for referencing module; linking object as if no debug info
fltk.lib(fl_shortcut.obj) : warning LNK4204: 'E:\comp4411-Animator-master (1)\comp4411-Animator-master\Release\vc140.pdb' is missing debugging information for referencing module; linking object as if no debug info
fltk.lib(Fl_Single_Window.obj) : warning LNK4204: 'E:\comp4411-Animator-master (1)\comp4411-Animator-master\Release\vc140.pdb' is missing debugging information for referencing module; linking object as if no debug info
fltk.lib(Fl_Slider.obj) : warning LNK4204: 'E:\comp4411-Animator-master (1)\comp4411-Animator-master\Release\vc140.pdb' is missing debugging information for referencing module; linking object as if no debug info
fltk.lib(fl_symbols.obj) : warning LNK4204: 'E:\comp4411-Animator-master (1)\comp4411-Animator-master\Release\vc140.pdb' is missing debugging information for referencing module; linking object as if no debug info
fltk.lib(Fl_Tabs.obj) : warning LNK4204: 'E:\comp4411-Animator-master (1)\comp4411-Animator-master\Release\vc140.pdb' is missing debugging information for referencing module; linking object as if no debug info
fltk.lib(Fl_Tile.obj) : warning LNK4204: 'E:\comp4411-Animator-master (1)\comp4411-Animator-master\Release\vc140.pdb' is missing debugging information for referencing module; linking object as if no debug info
fltk.lib(Fl_Tiled_Image.obj) : warning LNK4204: 'E:\comp4411-Animator-master (1)\comp4411-Animator-master\Release\vc140.pdb' is missing debugging information for referencing module; linking object as if no debug info
fltk.lib(Fl_Tooltip.obj) : warning LNK4204: 'E:\comp4411-Animator-master (1)\comp4411-Animator-master\Release\vc140.pdb' is missing debugging information for referencing module; linking object as if no debug info
fltk.lib(fl_utf.obj) : warning LNK4204: 'E:\comp4411-Animator-master (1)\comp4411-Animator-master\Release\vc140.pdb' is missing debugging information for referencing module; linking object as if no debug info
fltk.lib(fl_utf8.obj) : warning LNK4204: 'E:\comp4411-Animator-master (1)\comp4411-Animator-master\Release\vc140.pdb' is missing debugging information for referencing module; linking object as if no debug info
fltk.lib(Fl_Valuator.obj) : warning LNK4204: 'E:\comp4411-Animator-master (1)\comp4411-Animator-master\Release\vc140.pdb' is missing debugging information for referencing module; linking object as if no debug info
fltk.lib(Fl_Value_Slider.obj) : warning LNK4204: 'E:\comp4411-Animator-master (1)\comp4411-Animator-master\Release\vc140.pdb' is missing debugging information for referencing module; linking object as if no debug info
fltk.lib(fl_vertex.obj) : warning LNK4204: 'E:\comp4411-Animator-master (1)\comp4411-Animator-master\Release\vc140.pdb' is missing debugging information for referencing module; linking object as if no debug info
fltk.lib(Fl_visual.obj) : warning LNK4204: 'E:\comp4411-Animator-master (1)\comp4411-Animator-master\Release\vc140.pdb' is missing debugging information for referencing module; linking object as if no debug info
fltk.lib(Fl_Widget.obj) : warning LNK4204: 'E:\comp4411-Animator-master (1)\comp4411-Animator-master\Release\vc140.pdb' is missing debugging information for referencing module; linking object as if no debug info
fltk.lib(Fl_Window.obj) : warning LNK4204: 'E:\comp4411-Animator-master (1)\comp4411-Animator-master\Release\vc140.pdb' is missing debugging information for referencing module; linking object as if no debug info
fltk.lib(Fl_Window_fullscreen.obj) : warning LNK4204: 'E:\comp4411-Animator-master (1)\comp4411-Animator-master\Release\vc140.pdb' is missing debugging information for referencing module; linking object as if no debug info
fltk.lib(Fl_Window_hotspot.obj) : warning LNK4204: 'E:\comp4411-Animator-master (1)\comp4411-Animator-master\Release\vc140.pdb' is missing debugging information for referencing module; linking object as if no debug info
fltk.lib(Fl_Window_shape.obj) : warning LNK4204: 'E:\comp4411-Animator-master (1)\comp4411-Animator-master\Release\vc140.pdb' is missing debugging information for referencing module; linking object as if no debug info
fltk.lib(Fl_XBM_Image.obj) : warning LNK4204: 'E:\comp4411-Animator-master (1)\comp4411-Animator-master\Release\vc140.pdb' is missing debugging information for referencing module; linking object as if no debug info
fltk.lib(Fl_XPM_Image.obj) : warning LNK4204: 'E:\comp4411-Animator-master (1)\comp4411-Animator-master\Release\vc140.pdb' is missing debugging information for referencing module; linking object as if no debug info
fltk.lib(flstring.obj) : warning LNK4204: 'E:\comp4411-Animator-master (1)\comp4411-Animator-master\Release\vc140.pdb' is missing debugging information for referencing module; linking object as if no debug info
fltk.lib(is_spacing.obj) : warning LNK4204: 'E:\comp4411-Animator-master (1)\comp4411-Animator-master\Release\vc140.pdb' is missing debugging information for referencing module; linking object as if no debug info
fltk.lib(numericsort.obj) : warning LNK4204: 'E:\comp4411-Animator-master (1)\comp4411-Animator-master\Release\vc140.pdb' is missing debugging information for referencing module; linking object as if no debug info
fltk.lib(scandir.obj) : warning LNK4204: 'E:\comp4411-Animator-master (1)\comp4411-Animator-master\Release\vc140.pdb' is missing debugging information for referencing module; linking object as if no debug info
fltk.lib(screen_xywh.obj) : warning LNK4204: 'E:\comp4411-Animator-master (1)\comp4411-Animator-master\Release\vc140.pdb' is missing debugging information for referencing module; linking object as if no debug info
fltk.lib(vsnprintf.obj) : warning LNK4204: 'E:\comp4411-Animator-master (1)\comp4411-Animator-master\Release\vc140.pdb' is missing debugging information for referencing module; linking object as if no debug info
fltkgl.lib(Fl_Gl_Choice.obj) : warning LNK4204: 'E:\comp4411-Animator-master (1)\comp4411-Animator-master\Release\vc140.pdb' is missing debugging information for referencing module; linking object as if no debug info
fltkgl.lib(Fl_Gl_Device_Plugin.obj) : warning LNK4204: 'E:\comp4411-Animator-master (1)\comp4411-Animator-master\Release\vc140.pdb' is missing debugging information for referencing module; linking object as if no debug info
fltkgl.lib(Fl_Gl_Overlay.obj) : warning LNK4204: 'E:\comp4411-Animator-master (1)\comp4411-Animator-master\Release\vc140.pdb' is missing debugging information for referencing module; linking object as if no debug info
fltkgl.lib(Fl_Gl_Window.obj) : warning LNK4204: 'E:\comp4411-Animator-master (1)\comp4411-Animator-master\Release\vc140.pdb' is missing debugging information for referencing module; linking object as if no debug info
fltkgl.lib(freeglut_geometry.obj) : warning LNK4204: 'E:\comp4411-Animator-master (1)\comp4411-Animator-master\Release\vc140.pdb' is missing debugging information for referencing module; linking object as if no debug info
fltkgl.lib(gl_draw.obj) : warning LNK4204: 'E:\comp4411-Animator-master (1)\comp4411-Animator-master\Release\vc140.pdb' is missing debugging information for referencing module; linking object as if no debug info
fltkgl.lib(glut_compatability.obj) : warning LNK4204: 'E:\comp4411-Animator-master (1)\comp4411-Animator-master\Release\vc140.pdb' is missing debugging information for referencing module; linking object as if no debug info
  Animator.vcxproj -> E:\comp4411-Animator-master (1)\comp4411-Animator-master\.\Release\modeler.exe
  Animator.vcxproj -> .\Release/Animator.pdb (Full PDB)
